-------------------------------------------------------------------------------
Test set: com.demo.resortslite.ReportServiceTest
-------------------------------------------------------------------------------
Tests run: 35, Failures: 1, Errors: 0, Skipped: 0, Time elapsed: 1.15 s <<< FAILURE! - in com.demo.resortslite.ReportServiceTest
com.demo.resortslite.ReportServiceTest.generateMonthlyReport_includesServerPort  Time elapsed: 0.002 s  <<< FAILURE!
org.opentest4j.AssertionFailedError: expected: <true> but was: <false>
	at org.junit.jupiter.api.AssertionFailureBuilder.build(AssertionFailureBuilder.java:151)
	at org.junit.jupiter.api.AssertionFailureBuilder.buildAndThrow(AssertionFailureBuilder.java:132)
	at org.junit.jupiter.api.AssertTrue.failNotTrue(AssertTrue.java:63)
	at org.junit.jupiter.api.AssertTrue.assertTrue(AssertTrue.java:36)
	at org.junit.jupiter.api.AssertTrue.assertTrue(AssertTrue.java:31)
	at org.junit.jupiter.api.Assertions.assertTrue(Assertions.java:180)
	at com.demo.resortslite.ReportServiceTest.generateMonthlyReport_includesServerPort(ReportServiceTest.java:68)
	at java.base/java.lang.reflect.Method.invoke(Method.java:569)
	at java.base/java.util.ArrayList.forEach(ArrayList.java:1511)
	at java.base/java.util.ArrayList.forEach(ArrayList.java:1511)

