-------------------------------------------------------------------------------
Test set: com.demo.resortslite.BookingServiceTest
-------------------------------------------------------------------------------
Tests run: 36, Failures: 1, Errors: 0, Skipped: 0, Time elapsed: 0.552 s <<< FAILURE! - in com.demo.resortslite.BookingServiceTest
com.demo.resortslite.BookingServiceTest.calculateRoomPrice_combinedDiscounts_appliesAll  Time elapsed: 0.002 s  <<< FAILURE!
org.opentest4j.AssertionFailedError: expected: <958.32> but was: <957.60>
	at org.junit.jupiter.api.AssertionFailureBuilder.build(AssertionFailureBuilder.java:151)
	at org.junit.jupiter.api.AssertionFailureBuilder.buildAndThrow(AssertionFailureBuilder.java:132)
	at org.junit.jupiter.api.AssertEquals.failNotEqual(AssertEquals.java:197)
	at org.junit.jupiter.api.AssertEquals.assertEquals(AssertEquals.java:182)
	at org.junit.jupiter.api.AssertEquals.assertEquals(AssertEquals.java:177)
	at org.junit.jupiter.api.Assertions.assertEquals(Assertions.java:1142)
	at com.demo.resortslite.BookingServiceTest.calculateRoomPrice_combinedDiscounts_appliesAll(BookingServiceTest.java:395)
	at java.base/java.lang.reflect.Method.invoke(Method.java:569)
	at java.base/java.util.ArrayList.forEach(ArrayList.java:1511)
	at java.base/java.util.ArrayList.forEach(ArrayList.java:1511)

