<?xml version="1.0" encoding="UTF-8"?>
<testsuite xmlns:xsi="http://www.w3.org/2001/XMLSchema-instance" xsi:noNamespaceSchemaLocation="https://maven.apache.org/surefire/maven-surefire-plugin/xsd/surefire-test-report-3.0.xsd" version="3.0" name="com.demo.resortslite.ResortsLiteApplicationTest" time="0.099" tests="20" errors="0" skipped="0" failures="0">
  <properties>
[...]
</properties>
  <testcase name="application_shouldNotBeFinal" classname="com.demo.resortslite.ResortsLiteApplicationTest" time="0.043"/>
  <testcase name="application_shouldHaveNoDeclaredFields" classname="com.demo.resortslite.ResortsLiteApplicationTest" time="0.002"/>
  <testcase name="application_classNameShouldMatchConvention" classname="com.demo.resortslite.ResortsLiteApplicationTest" time="0.001"/>
  <testcase name="application_shouldHaveMainMethod" classname="com.demo.resortslite.ResortsLiteApplicationTest" time="0.002"/>
  <testcase name="application_shouldNotBeAnnotation" classname="com.demo.resortslite.ResortsLiteApplicationTest" time="0.001"/>
  <testcase name="application_shouldNotBeEnum" classname="com.demo.resortslite.ResortsLiteApplicationTest" time="0.001"/>
  <testcase name="application_shouldHaveMinimalMethods" classname="com.demo.resortslite.ResortsLiteApplicationTest" time="0.002"/>
  <testcase name="application_shouldHaveDefaultConstructor" classname="com.demo.resortslite.ResortsLiteApplicationTest" time="0.001"/>
  <testcase name="application_shouldBePublic" classname="com.demo.resortslite.ResortsLiteApplicationTest" time="0.001"/>
  <testcase name="application_shouldHaveExactlyOneMainMethod" classname="com.demo.resortslite.ResortsLiteApplicationTest" time="0.002"/>
  <testcase name="main_shouldStartApplicationWithoutExceptions" classname="com.demo.resortslite.ResortsLiteApplicationTest" time="0.001"/>
  <testcase name="application_mainMethodShouldReturnVoid" classname="com.demo.resortslite.ResortsLiteApplicationTest" time="0.002"/>
  <testcase name="application_shouldNotBeInterface" classname="com.demo.resortslite.ResortsLiteApplicationTest" time="0.0"/>
  <testcase name="application_instanceShouldBeOfCorrectType" classname="com.demo.resortslite.ResortsLiteApplicationTest" time="0.001"/>
  <testcase name="application_shouldHaveSpringBootApplicationAnnotation" classname="com.demo.resortslite.ResortsLiteApplicationTest" time="0.004"/>
  <testcase name="application_shouldBeInstantiable" classname="com.demo.resortslite.ResortsLiteApplicationTest" time="0.0"/>
  <testcase name="application_shouldNotBeAbstract" classname="com.demo.resortslite.ResortsLiteApplicationTest" time="0.001"/>
  <testcase name="application_classShouldExistAndBeLoadable" classname="com.demo.resortslite.ResortsLiteApplicationTest" time="0.001"/>
  <testcase name="application_shouldBeInCorrectPackage" classname="com.demo.resortslite.ResortsLiteApplicationTest" time="0.0"/>
  <testcase name="application_mainMethodShouldBePublicStatic" classname="com.demo.resortslite.ResortsLiteApplicationTest" time="0.0"/>
</testsuite>