<?xml version="1.0" encoding="UTF-8"?>
<testsuite xmlns:xsi="http://www.w3.org/2001/XMLSchema-instance" xsi:noNamespaceSchemaLocation="https://maven.apache.org/surefire/maven-surefire-plugin/xsd/surefire-test-report-3.0.xsd" version="3.0" name="com.demo.resortslite.BookingServiceTest" time="0.439" tests="35" errors="1" skipped="0" failures="0">
  <properties>
[...]
</properties>
  <testcase name="testCreateBooking_bookingIdFormat_startsWithBKPrefix" classname="com.demo.resortslite.BookingServiceTest" time="0.363"/>
  <testcase name="testIsRoomAvailable_standardRoom_returnsTrue" classname="com.demo.resortslite.BookingServiceTest" time="0.002"/>
  <testcase name="testIsRoomAvailable_nullRoomType_returnsFalse" classname="com.demo.resortslite.BookingServiceTest" time="0.002">
    <error message="Cannot invoke &quot;String.equals(Object)&quot; because &quot;roomType&quot; is null" type="java.lang.NullPointerException"><![CDATA[java.lang.NullPointerException: Cannot invoke "String.equals(Object)" because "roomType" is null
	at com.demo.resortslite.BookingService.isRoomAvailable(BookingService.java:93)
	at com.demo.resortslite.BookingServiceTest.testIsRoomAvailable_nullRoomType_returnsFalse(BookingServiceTest.java:407)
	at java.base/java.lang.reflect.Method.invoke(Method.java:580)
	at java.base/java.util.ArrayList.forEach(ArrayList.java:1596)
	at java.base/java.util.ArrayList.forEach(ArrayList.java:1596)
]]></error>
  </testcase>
  <testcase name="testIsRoomAvailable_invalidRoomType_returnsFalse" classname="com.demo.resortslite.BookingServiceTest" time="0.001"/>
  <testcase name="testIsRoomAvailable_villaRoom_returnsTrue" classname="com.demo.resortslite.BookingServiceTest" time="0.001"/>
  <testcase name="testCalculateRoomPrice_suiteOffSeasonGoldLoyalty_returnsCorrectPrice" classname="com.demo.resortslite.BookingServiceTest" time="0.009"/>
  <testcase name="testCreateBooking_withDifferentGuestNames_generatesUniqueBookingIds" classname="com.demo.resortslite.BookingServiceTest" time="0.003"/>
  <testcase name="testCalculateRoomPrice_sevenNightsStay_appliesWeeklyDiscount" classname="com.demo.resortslite.BookingServiceTest" time="0.001"/>
  <testcase name="testCreateBooking_withEmptyStrings_stillCreatesBooking" classname="com.demo.resortslite.BookingServiceTest" time="0.003"/>
  <testcase name="testCalculateRoomPrice_allSeasons_returnValidPrices" classname="com.demo.resortslite.BookingServiceTest" time="0.002"/>
  <testcase name="testIsRoomAvailable_lowercaseRoomType_returnsFalse" classname="com.demo.resortslite.BookingServiceTest" time="0.001"/>
  <testcase name="testCalculateRoomPrice_zeroNights_returnsZeroPrice" classname="com.demo.resortslite.BookingServiceTest" time="0.001"/>
  <testcase name="testCalculateRoomPrice_unknownRoomType_usesDefaultPrice" classname="com.demo.resortslite.BookingServiceTest" time="0.001"/>
  <testcase name="testCreateBooking_withNullParameters_handlesGracefully" classname="com.demo.resortslite.BookingServiceTest" time="0.001"/>
  <testcase name="testCreateBooking_generatesConfirmCodeUsingSHA256" classname="com.demo.resortslite.BookingServiceTest" time="0.001"/>
  <testcase name="testGetBookingById_withNullId_handlesException" classname="com.demo.resortslite.BookingServiceTest" time="0.003"/>
  <testcase name="testGenerateReport_withNullMonth_handlesGracefully" classname="com.demo.resortslite.BookingServiceTest" time="0.001"/>
  <testcase name="testCalculateRoomPrice_standardRoomRegularSeason_returnsCorrectPrice" classname="com.demo.resortslite.BookingServiceTest" time="0.001"/>
  <testcase name="testCalculateRoomPrice_allLoyaltyLevels_returnValidPrices" classname="com.demo.resortslite.BookingServiceTest" time="0.001"/>
  <testcase name="testIsRoomAvailable_deluxeRoom_returnsTrue" classname="com.demo.resortslite.BookingServiceTest" time="0.001"/>
  <testcase name="testCalculateRoomPrice_allRoomTypes_returnValidPrices" classname="com.demo.resortslite.BookingServiceTest" time="0.002"/>
  <testcase name="testCalculateRoomPrice_combinedDiscounts_appliesAllCorrectly" classname="com.demo.resortslite.BookingServiceTest" time="0.001"/>
  <testcase name="testGenerateReport_withValidMonth_returnsMessage" classname="com.demo.resortslite.BookingServiceTest" time="0.001"/>
  <testcase name="testCalculateRoomPrice_deluxeRoomPeakSeason_returnsCorrectPrice" classname="com.demo.resortslite.BookingServiceTest" time="0.002"/>
  <testcase name="testGetBookingById_withInvalidId_returnsErrorMap" classname="com.demo.resortslite.BookingServiceTest" time="0.002"/>
  <testcase name="testCalculateRoomPrice_villaPlatinumLoyalty_returnsCorrectPrice" classname="com.demo.resortslite.BookingServiceTest" time="0.001"/>
  <testcase name="testGetBookingById_withValidId_returnsBookingMap" classname="com.demo.resortslite.BookingServiceTest" time="0.002"/>
  <testcase name="testCalculateRoomPrice_negativeNights_returnsNegativePrice" classname="com.demo.resortslite.BookingServiceTest" time="0.001"/>
  <testcase name="testIsRoomAvailable_emptyString_returnsFalse" classname="com.demo.resortslite.BookingServiceTest" time="0.001"/>
  <testcase name="testCalculateRoomPrice_fourteenNightsStay_appliesLargerDiscount" classname="com.demo.resortslite.BookingServiceTest" time="0.001"/>
  <testcase name="testIsRoomAvailable_suiteRoom_returnsTrue" classname="com.demo.resortslite.BookingServiceTest" time="0"/>
  <testcase name="testGenerateReport_withEmptyMonth_stillReturnsMessage" classname="com.demo.resortslite.BookingServiceTest" time="0"/>
  <testcase name="testCalculateRoomPrice_diamondLoyalty_appliesMaximumDiscount" classname="com.demo.resortslite.BookingServiceTest" time="0.001"/>
  <testcase name="testCreateBooking_executesJdbcTemplateWithSqlInsert" classname="com.demo.resortslite.BookingServiceTest" time="0.003"/>
  <testcase name="testCreateBooking_withValidParameters_returnsBookingWithAllFields" classname="com.demo.resortslite.BookingServiceTest" time="0.002"/>
</testsuite>