<?xml version="1.0" encoding="UTF-8"?>
<testsuite xmlns:xsi="http://www.w3.org/2001/XMLSchema-instance" xsi:noNamespaceSchemaLocation="https://maven.apache.org/surefire/maven-surefire-plugin/xsd/surefire-test-report-3.0.xsd" version="3.0" name="com.demo.resortslite.ReportServiceTest" time="1.15" tests="32" errors="0" skipped="0" failures="2">
  <properties>
[...]
</properties>
  <testcase name="testGenerateMonthlyReport_fileNameFormat_isCorrect" classname="com.demo.resortslite.ReportServiceTest" time="0.006"/>
  <testcase name="testGetSystemInfo_reportBasePath_isNotNull" classname="com.demo.resortslite.ReportServiceTest" time="0.009"/>
  <testcase name="testGetSystemInfo_calledMultipleTimes_returnsDifferentTimestamps" classname="com.demo.resortslite.ReportServiceTest" time="1.103"/>
  <testcase name="testBuildReportDownloadUrl_withEmptyReportName_stillReturnsUrl" classname="com.demo.resortslite.ReportServiceTest" time="0"/>
  <testcase name="testGetSystemInfo_serverPort_is8080" classname="com.demo.resortslite.ReportServiceTest" time="0"/>
  <testcase name="testGenerateMonthlyReport_multipleMonths_generatesUniqueFileNames" classname="com.demo.resortslite.ReportServiceTest" time="0"/>
  <testcase name="testGenerateMonthlyReport_numericMonthAndYear_handlesCorrectly" classname="com.demo.resortslite.ReportServiceTest" time="0"/>
  <testcase name="testGenerateMonthlyReport_withEmptyMonth_stillProcesses" classname="com.demo.resortslite.ReportServiceTest" time="0"/>
  <testcase name="testGenerateMonthlyReport_withValidParameters_includesServerPort" classname="com.demo.resortslite.ReportServiceTest" time="0.005">
    <failure message="expected: &lt;true&gt; but was: &lt;false&gt;" type="org.opentest4j.AssertionFailedError"><![CDATA[org.opentest4j.AssertionFailedError: expected: <true> but was: <false>
	at org.junit.jupiter.api.AssertionFailureBuilder.build(AssertionFailureBuilder.java:151)
	at org.junit.jupiter.api.AssertionFailureBuilder.buildAndThrow(AssertionFailureBuilder.java:132)
	at org.junit.jupiter.api.AssertTrue.failNotTrue(AssertTrue.java:63)
	at org.junit.jupiter.api.AssertTrue.assertTrue(AssertTrue.java:36)
	at org.junit.jupiter.api.AssertTrue.assertTrue(AssertTrue.java:31)
	at org.junit.jupiter.api.Assertions.assertTrue(Assertions.java:180)
	at com.demo.resortslite.ReportServiceTest.testGenerateMonthlyReport_withValidParameters_includesServerPort(ReportServiceTest.java:66)
	at java.base/java.lang.reflect.Method.invoke(Method.java:580)
	at java.base/java.util.ArrayList.forEach(ArrayList.java:1596)
	at java.base/java.util.ArrayList.forEach(ArrayList.java:1596)
]]></failure>
  </testcase>
  <testcase name="testGetSystemInfo_returnsMapWithFourEntries" classname="com.demo.resortslite.ReportServiceTest" time="0.001"/>
  <testcase name="testGetSystemInfo_generatedAt_isCurrentTimestamp" classname="com.demo.resortslite.ReportServiceTest" time="0.001">
    <failure message="expected: &lt;true&gt; but was: &lt;false&gt;" type="org.opentest4j.AssertionFailedError"><![CDATA[org.opentest4j.AssertionFailedError: expected: <true> but was: <false>
	at org.junit.jupiter.api.AssertionFailureBuilder.build(AssertionFailureBuilder.java:151)
	at org.junit.jupiter.api.AssertionFailureBuilder.buildAndThrow(AssertionFailureBuilder.java:132)
	at org.junit.jupiter.api.AssertTrue.failNotTrue(AssertTrue.java:63)
	at org.junit.jupiter.api.AssertTrue.assertTrue(AssertTrue.java:36)
	at org.junit.jupiter.api.AssertTrue.assertTrue(AssertTrue.java:31)
	at org.junit.jupiter.api.Assertions.assertTrue(Assertions.java:180)
	at com.demo.resortslite.ReportServiceTest.testGetSystemInfo_generatedAt_isCurrentTimestamp(ReportServiceTest.java:314)
	at java.base/java.lang.reflect.Method.invoke(Method.java:580)
	at java.base/java.util.ArrayList.forEach(ArrayList.java:1596)
	at java.base/java.util.ArrayList.forEach(ArrayList.java:1596)
]]></failure>
  </testcase>
  <testcase name="testBuildReportDownloadUrl_longReportName_handlesCorrectly" classname="com.demo.resortslite.ReportServiceTest" time="0.001"/>
  <testcase name="testGenerateMonthlyReport_longMonthName_handlesCorrectly" classname="com.demo.resortslite.ReportServiceTest" time="0.001"/>
  <testcase name="testGenerateMonthlyReport_whenDirectoryCreationFails_returnsErrorStatus" classname="com.demo.resortslite.ReportServiceTest" time="0"/>
  <testcase name="testBuildReportDownloadUrl_urlFormat_startsWithHttp" classname="com.demo.resortslite.ReportServiceTest" time="0"/>
  <testcase name="testGenerateMonthlyReport_withNullMonth_handlesGracefully" classname="com.demo.resortslite.ReportServiceTest" time="0"/>
  <testcase name="testBuildReportDownloadUrl_withNullReportName_handlesGracefully" classname="com.demo.resortslite.ReportServiceTest" time="0.001"/>
  <testcase name="testBuildReportDownloadUrl_multipleReports_generatesUniqueUrls" classname="com.demo.resortslite.ReportServiceTest" time="0.001"/>
  <testcase name="testGenerateMonthlyReport_withEmptyYear_stillProcesses" classname="com.demo.resortslite.ReportServiceTest" time="0"/>
  <testcase name="testBuildReportDownloadUrl_urlFormat_containsPort8080" classname="com.demo.resortslite.ReportServiceTest" time="0"/>
  <testcase name="testGetSystemInfo_backupPath_containsBackupDirectory" classname="com.demo.resortslite.ReportServiceTest" time="0"/>
  <testcase name="testGenerateMonthlyReport_sameMonthDifferentYears_generatesUniqueFileNames" classname="com.demo.resortslite.ReportServiceTest" time="0.001"/>
  <testcase name="testGetSystemInfo_generatedAt_hasValidFormat" classname="com.demo.resortslite.ReportServiceTest" time="0.001"/>
  <testcase name="testBuildReportDownloadUrl_withValidReportName_returnsCorrectUrl" classname="com.demo.resortslite.ReportServiceTest" time="0"/>
  <testcase name="testGetSystemInfo_reportBasePath_containsReportsDirectory" classname="com.demo.resortslite.ReportServiceTest" time="0"/>
  <testcase name="testGetSystemInfo_returnsAllRequiredFields" classname="com.demo.resortslite.ReportServiceTest" time="0.001"/>
  <testcase name="testBuildReportDownloadUrl_withSpecialCharacters_includesInUrl" classname="com.demo.resortslite.ReportServiceTest" time="0.001"/>
  <testcase name="testGenerateMonthlyReport_withValidParameters_includesFilePath" classname="com.demo.resortslite.ReportServiceTest" time="0"/>
  <testcase name="testGenerateMonthlyReport_withSpecialCharacters_handlesGracefully" classname="com.demo.resortslite.ReportServiceTest" time="0"/>
  <testcase name="testGenerateMonthlyReport_withValidMonthAndYear_returnsSuccessStatus" classname="com.demo.resortslite.ReportServiceTest" time="0.001"/>
  <testcase name="testGenerateMonthlyReport_withNullYear_handlesGracefully" classname="com.demo.resortslite.ReportServiceTest" time="0.001"/>
  <testcase name="testGetSystemInfo_backupPath_isNotNull" classname="com.demo.resortslite.ReportServiceTest" time="0"/>
</testsuite>