<?xml version="1.0" encoding="UTF-8"?>
<testsuite xmlns:xsi="http://www.w3.org/2001/XMLSchema-instance" xsi:noNamespaceSchemaLocation="https://maven.apache.org/surefire/maven-surefire-plugin/xsd/surefire-test-report-3.0.xsd" version="3.0" name="com.demo.resortslite.BookingControllerTest" time="1.17" tests="14" errors="0" skipped="0" failures="0">
  <properties>
[...]
</properties>
  <testcase name="testCreateBooking_verifiesSessionAttributesAreSet" classname="com.demo.resortslite.BookingControllerTest" time="1.106">
    <system-err><![CDATA[WARNING: A Java agent has been loaded dynamically (/app/.m2/repository/net/bytebuddy/byte-buddy-agent/1.14.10/byte-buddy-agent-1.14.10.jar)
WARNING: If a serviceability tool is in use, please run with -XX:+EnableDynamicAgentLoading to hide this warning
WARNING: If a serviceability tool is not in use, please run with -Djdk.instrument.traceUsage for more information
WARNING: Dynamic loading of agents will be disallowed by default in a future release
]]></system-err>
  </testcase>
  <testcase name="testGetBookingStatus_withInvalidBookingId_returnsErrorDetails" classname="com.demo.resortslite.BookingControllerTest" time="0.007"/>
  <testcase name="testDownloadReport_withEmptyMonth_stillGeneratesPath" classname="com.demo.resortslite.BookingControllerTest" time="0.003"/>
  <testcase name="testCheckAvailability_withInvalidRoomType_returnsUnavailable" classname="com.demo.resortslite.BookingControllerTest" time="0.003"/>
  <testcase name="testCheckAvailability_verifiesInventoryEndpointIsReturned" classname="com.demo.resortslite.BookingControllerTest" time="0.003"/>
  <testcase name="testDownloadReport_withSpecialCharactersInMonth_handlesGracefully" classname="com.demo.resortslite.BookingControllerTest" time="0.002"/>
  <testcase name="testCreateBooking_withNullParameters_handlesGracefully" classname="com.demo.resortslite.BookingControllerTest" time="0.003"/>
  <testcase name="testGetBookingStatus_withNoSessionGuest_returnsNullSessionGuest" classname="com.demo.resortslite.BookingControllerTest" time="0.004"/>
  <testcase name="testCheckAvailability_withValidRoomType_returnsAvailabilityInfo" classname="com.demo.resortslite.BookingControllerTest" time="0.003"/>
  <testcase name="testCreateBooking_withValidParameters_returnsConfirmedBooking" classname="com.demo.resortslite.BookingControllerTest" time="0.003"/>
  <testcase name="testDownloadReport_withValidMonth_returnsReportPath" classname="com.demo.resortslite.BookingControllerTest" time="0.002"/>
  <testcase name="testCreateBooking_withEmptyGuestName_stillProcesses" classname="com.demo.resortslite.BookingControllerTest" time="0.002"/>
  <testcase name="testCheckAvailability_withNullRoomType_handlesGracefully" classname="com.demo.resortslite.BookingControllerTest" time="0.002"/>
  <testcase name="testGetBookingStatus_withValidBookingId_returnsBookingDetails" classname="com.demo.resortslite.BookingControllerTest" time="0.002"/>
</testsuite>