<?xml version="1.0" encoding="UTF-8"?>
<testsuite xmlns:xsi="http://www.w3.org/2001/XMLSchema-instance" xsi:noNamespaceSchemaLocation="https://maven.apache.org/surefire/maven-surefire-plugin/xsd/surefire-test-report-3.0.xsd" version="3.0" name="com.demo.resortslite.BookingServiceTest" time="0.505" tests="36" errors="1" skipped="0" failures="1">
  <properties>
[...]
</properties>
  <testcase name="isRoomAvailable_withSuiteRoom_returnsTrue" classname="com.demo.resortslite.BookingServiceTest" time="0.382"/>
  <testcase name="calculateRoomPrice_withDeluxeRoom_returnsCorrectPrice" classname="com.demo.resortslite.BookingServiceTest" time="0.008"/>
  <testcase name="generateReport_withValidMonth_returnsMessage" classname="com.demo.resortslite.BookingServiceTest" time="0.002"/>
  <testcase name="calculateRoomPrice_withSuiteRoom_returnsCorrectPrice" classname="com.demo.resortslite.BookingServiceTest" time="0.001"/>
  <testcase name="calculateRoomPrice_with14Nights_appliesDiscount" classname="com.demo.resortslite.BookingServiceTest" time="0.002"/>
  <testcase name="generateReport_withEmptyMonth_returnsMessage" classname="com.demo.resortslite.BookingServiceTest" time="0.001"/>
  <testcase name="isRoomAvailable_withInvalidRoomType_returnsFalse" classname="com.demo.resortslite.BookingServiceTest" time="0.001"/>
  <testcase name="calculateRoomPrice_withOffSeason_appliesDiscount" classname="com.demo.resortslite.BookingServiceTest" time="0.002"/>
  <testcase name="createBooking_withValidParameters_returnsBookingWithId" classname="com.demo.resortslite.BookingServiceTest" time="0.028"/>
  <testcase name="calculateRoomPrice_withCombinedDiscounts_appliesAll" classname="com.demo.resortslite.BookingServiceTest" time="0.009">
    <failure message="expected: &lt;958.32&gt; but was: &lt;957.60&gt;" type="org.opentest4j.AssertionFailedError"><![CDATA[org.opentest4j.AssertionFailedError: expected: <958.32> but was: <957.60>
	at org.junit.jupiter.api.AssertionFailureBuilder.build(AssertionFailureBuilder.java:151)
	at org.junit.jupiter.api.AssertionFailureBuilder.buildAndThrow(AssertionFailureBuilder.java:132)
	at org.junit.jupiter.api.AssertEquals.failNotEqual(AssertEquals.java:197)
	at org.junit.jupiter.api.AssertEquals.assertEquals(AssertEquals.java:182)
	at org.junit.jupiter.api.AssertEquals.assertEquals(AssertEquals.java:177)
	at org.junit.jupiter.api.Assertions.assertEquals(Assertions.java:1142)
	at com.demo.resortslite.BookingServiceTest.calculateRoomPrice_withCombinedDiscounts_appliesAll(BookingServiceTest.java:410)
	at java.base/java.lang.reflect.Method.invoke(Method.java:569)
	at java.base/java.util.ArrayList.forEach(ArrayList.java:1511)
	at java.base/java.util.ArrayList.forEach(ArrayList.java:1511)
]]></failure>
  </testcase>
  <testcase name="generateReport_withNullMonth_returnsMessage" classname="com.demo.resortslite.BookingServiceTest" time="0.001"/>
  <testcase name="isRoomAvailable_withEmptyRoomType_returnsFalse" classname="com.demo.resortslite.BookingServiceTest" time="0.001"/>
  <testcase name="isRoomAvailable_withVillaRoom_returnsTrue" classname="com.demo.resortslite.BookingServiceTest" time="0.001"/>
  <testcase name="calculateRoomPrice_withZeroNights_returnsZero" classname="com.demo.resortslite.BookingServiceTest" time="0.002"/>
  <testcase name="calculateRoomPrice_withPeakSeason_appliesSurcharge" classname="com.demo.resortslite.BookingServiceTest" time="0.002"/>
  <testcase name="calculateRoomPrice_withGoldLoyalty_appliesDiscount" classname="com.demo.resortslite.BookingServiceTest" time="0.002"/>
  <testcase name="isRoomAvailable_withDeluxeRoom_returnsTrue" classname="com.demo.resortslite.BookingServiceTest" time="0.001"/>
  <testcase name="calculateRoomPrice_withNegativeNights_returnsNegativePrice" classname="com.demo.resortslite.BookingServiceTest" time="0.001"/>
  <testcase name="isRoomAvailable_withStandardRoom_returnsTrue" classname="com.demo.resortslite.BookingServiceTest" time="0.001"/>
  <testcase name="getBookingById_withInvalidId_returnsErrorMessage" classname="com.demo.resortslite.BookingServiceTest" time="0.006"/>
  <testcase name="calculateRoomPrice_withStandardRoom_returnsCorrectPrice" classname="com.demo.resortslite.BookingServiceTest" time="0.002"/>
  <testcase name="calculateRoomPrice_withPlatinumLoyalty_appliesDiscount" classname="com.demo.resortslite.BookingServiceTest" time="0.001"/>
  <testcase name="createBooking_withLongGuestName_handlesCorrectly" classname="com.demo.resortslite.BookingServiceTest" time="0.002"/>
  <testcase name="isRoomAvailable_withLowercaseRoomType_returnsFalse" classname="com.demo.resortslite.BookingServiceTest" time="0.001"/>
  <testcase name="calculateRoomPrice_withDiamondLoyalty_appliesDiscount" classname="com.demo.resortslite.BookingServiceTest" time="0.001"/>
  <testcase name="calculateRoomPrice_with7Nights_appliesDiscount" classname="com.demo.resortslite.BookingServiceTest" time="0.002"/>
  <testcase name="isRoomAvailable_withNullRoomType_returnsFalse" classname="com.demo.resortslite.BookingServiceTest" time="0.002">
    <error message="Cannot invoke &quot;String.equals(Object)&quot; because &quot;roomType&quot; is null" type="java.lang.NullPointerException"><![CDATA[java.lang.NullPointerException: Cannot invoke "String.equals(Object)" because "roomType" is null
	at com.demo.resortslite.BookingService.isRoomAvailable(BookingService.java:93)
	at com.demo.resortslite.BookingServiceTest.isRoomAvailable_withNullRoomType_returnsFalse(BookingServiceTest.java:491)
	at java.base/java.lang.reflect.Method.invoke(Method.java:569)
	at java.base/java.util.ArrayList.forEach(ArrayList.java:1511)
	at java.base/java.util.ArrayList.forEach(ArrayList.java:1511)
]]></error>
  </testcase>
  <testcase name="createBooking_generatesUniqueBookingIds" classname="com.demo.resortslite.BookingServiceTest" time="0.004"/>
  <testcase name="getBookingById_withValidId_returnsBookingDetails" classname="com.demo.resortslite.BookingServiceTest" time="0.003"/>
  <testcase name="createBooking_withEmptyGuestName_createsBooking" classname="com.demo.resortslite.BookingServiceTest" time="0.002"/>
  <testcase name="createBooking_withSpecialCharactersInGuestName_handlesCorrectly" classname="com.demo.resortslite.BookingServiceTest" time="0.001"/>
  <testcase name="createBooking_withNullParameters_handlesGracefully" classname="com.demo.resortslite.BookingServiceTest" time="0.002"/>
  <testcase name="calculateRoomPrice_withVillaRoom_returnsCorrectPrice" classname="com.demo.resortslite.BookingServiceTest" time="0.002"/>
  <testcase name="calculateRoomPrice_withInvalidRoomType_usesDefaultPrice" classname="com.demo.resortslite.BookingServiceTest" time="0.001"/>
  <testcase name="getBookingById_withNullId_handlesException" classname="com.demo.resortslite.BookingServiceTest" time="0.001"/>
  <testcase name="createBooking_generatesConfirmCode" classname="com.demo.resortslite.BookingServiceTest" time="0.002"/>
</testsuite>