<?xml version="1.0" encoding="UTF-8"?>
<testsuite xmlns:xsi="http://www.w3.org/2001/XMLSchema-instance" xsi:noNamespaceSchemaLocation="https://maven.apache.org/surefire/maven-surefire-plugin/xsd/surefire-test-report-3.0.xsd" version="3.0" name="com.demo.resortslite.ResortsLiteApplicationTest" time="3.999" tests="21" errors="0" skipped="0" failures="1">
  <properties>
[...]
</properties>
  <testcase name="applicationContextContainsBookingController" classname="com.demo.resortslite.ResortsLiteApplicationTest" time="0.739">
    <system-out><![CDATA[14:18:04.848 [main] INFO org.springframework.test.context.support.AnnotationConfigContextLoaderUtils -- Could not detect default configuration classes for test class [com.demo.resortslite.ResortsLiteApplicationTest]: ResortsLiteApplicationTest does not declare any static, non-private, non-final, nested classes annotated with @Configuration.
14:18:04.978 [main] INFO org.springframework.boot.test.context.SpringBootTestContextBootstrapper -- Found @SpringBootConfiguration com.demo.resortslite.ResortsLiteApplication for test class com.demo.resortslite.ResortsLiteApplicationTest

  .   ____          _            __ _ _
 /\\ / ___'_ __ _ _(_)_ __  __ _ \ \ \ \
( ( )\___ | '_ | '_| | '_ \/ _` | \ \ \ \
 \\/  ___)| |_)| | | | | || (_| |  ) ) ) )
  '  |____| .__|_| |_|_| |_\__, | / / / /
 =========|_|==============|___/=/_/_/_/
 :: Spring Boot ::                (v3.2.0)

2026-06-02T14:18:05.445Z  INFO 12847 --- [ResortsLite] [           main] c.d.r.ResortsLiteApplicationTest         : Starting ResortsLiteApplicationTest using Java 17.0.13 with PID 12847 (started by studioai in /modernize-data/studio-data/TNT1001/APP663649/transformed-code/83/studio-workspace/BackendServices)
2026-06-02T14:18:05.446Z  INFO 12847 --- [ResortsLite] [           main] c.d.r.ResortsLiteApplicationTest         : The following 1 profile is active: "dev"
2026-06-02T14:18:06.669Z  INFO 12847 --- [ResortsLite] [           main] com.zaxxer.hikari.HikariDataSource       : HikariPool-1 - Starting...
2026-06-02T14:18:06.993Z  INFO 12847 --- [ResortsLite] [           main] com.zaxxer.hikari.pool.HikariPool        : HikariPool-1 - Added connection conn0: url=jdbc:h2:mem:resortdb user=SA
2026-06-02T14:18:06.995Z  INFO 12847 --- [ResortsLite] [           main] com.zaxxer.hikari.HikariDataSource       : HikariPool-1 - Start completed.
2026-06-02T14:18:07.007Z  INFO 12847 --- [ResortsLite] [           main] o.s.b.a.h2.H2ConsoleAutoConfiguration    : H2 console available at '/h2-console'. Database available at 'jdbc:h2:mem:resortdb'
2026-06-02T14:18:07.049Z  INFO 12847 --- [ResortsLite] [           main] c.d.r.ResortsLiteApplicationTest         : Started ResortsLiteApplicationTest in 1.899 seconds (process running for 3.113)
]]></system-out>
  </testcase>
  <testcase name="applicationClassIsPublic" classname="com.demo.resortslite.ResortsLiteApplicationTest" time="0.002"/>
  <testcase name="mainMethodWithNullArgs_doesNotThrow" classname="com.demo.resortslite.ResortsLiteApplicationTest" time="0.003"/>
  <testcase name="applicationContextContainsReportService" classname="com.demo.resortslite.ResortsLiteApplicationTest" time="0.003"/>
  <testcase name="bookingServiceBeanIsNotNull" classname="com.demo.resortslite.ResortsLiteApplicationTest" time="0.002"/>
  <testcase name="mainMethodAcceptsStringArray" classname="com.demo.resortslite.ResortsLiteApplicationTest" time="0.003"/>
  <testcase name="mainMethodWithEmptyArgs_doesNotThrow" classname="com.demo.resortslite.ResortsLiteApplicationTest" time="0.543">
    <system-out><![CDATA[
  .   ____          _            __ _ _
 /\\ / ___'_ __ _ _(_)_ __  __ _ \ \ \ \
( ( )\___ | '_ | '_| | '_ \/ _` | \ \ \ \
 \\/  ___)| |_)| | | | | || (_| |  ) ) ) )
  '  |____| .__|_| |_|_| |_\__, | / / / /
 =========|_|==============|___/=/_/_/_/
 :: Spring Boot ::                (v3.2.0)

2026-06-02T14:18:07.849Z  INFO 12847 --- [ResortsLite] [           main] c.d.resortslite.ResortsLiteApplication   : Starting ResortsLiteApplication using Java 17.0.13 with PID 12847 (started by studioai in /modernize-data/studio-data/TNT1001/APP663649/transformed-code/83/studio-workspace/BackendServices)
2026-06-02T14:18:07.849Z  INFO 12847 --- [ResortsLite] [           main] c.d.resortslite.ResortsLiteApplication   : The following 1 profile is active: "dev"
2026-06-02T14:18:08.126Z  INFO 12847 --- [ResortsLite] [           main] o.s.b.w.embedded.tomcat.TomcatWebServer  : Tomcat initialized with port 8080 (http)
2026-06-02T14:18:08.139Z  INFO 12847 --- [ResortsLite] [           main] o.apache.catalina.core.StandardService   : Starting service [Tomcat]
2026-06-02T14:18:08.139Z  INFO 12847 --- [ResortsLite] [           main] o.apache.catalina.core.StandardEngine    : Starting Servlet engine: [Apache Tomcat/10.1.16]
2026-06-02T14:18:08.194Z  INFO 12847 --- [ResortsLite] [           main] o.a.c.c.C.[Tomcat].[localhost].[/]       : Initializing Spring embedded WebApplicationContext
2026-06-02T14:18:08.195Z  INFO 12847 --- [ResortsLite] [           main] w.s.c.ServletWebServerApplicationContext : Root WebApplicationContext: initialization completed in 343 ms
2026-06-02T14:18:08.211Z  INFO 12847 --- [ResortsLite] [           main] com.zaxxer.hikari.HikariDataSource       : HikariPool-2 - Starting...
2026-06-02T14:18:08.212Z  INFO 12847 --- [ResortsLite] [           main] com.zaxxer.hikari.pool.HikariPool        : HikariPool-2 - Added connection conn10: url=jdbc:h2:mem:resortdb user=SA
2026-06-02T14:18:08.213Z  INFO 12847 --- [ResortsLite] [           main] com.zaxxer.hikari.HikariDataSource       : HikariPool-2 - Start completed.
2026-06-02T14:18:08.213Z  INFO 12847 --- [ResortsLite] [           main] o.s.b.a.h2.H2ConsoleAutoConfiguration    : H2 console available at '/h2-console'. Database available at 'jdbc:h2:mem:resortdb'
2026-06-02T14:18:08.364Z  INFO 12847 --- [ResortsLite] [           main] o.s.b.w.embedded.tomcat.TomcatWebServer  : Tomcat started on port 8080 (http) with context path ''
2026-06-02T14:18:08.367Z  INFO 12847 --- [ResortsLite] [           main] c.d.resortslite.ResortsLiteApplication   : Started ResortsLiteApplication in 0.539 seconds (process running for 4.431)
]]></system-out>
  </testcase>
  <testcase name="reportServiceBeanIsNotNull" classname="com.demo.resortslite.ResortsLiteApplicationTest" time="0.002"/>
  <testcase name="applicationClassHasDefaultConstructor" classname="com.demo.resortslite.ResortsLiteApplicationTest" time="0.001"/>
  <testcase name="applicationHasSpringBootApplicationAnnotation" classname="com.demo.resortslite.ResortsLiteApplicationTest" time="0.001"/>
  <testcase name="mainMethodReturnsVoid" classname="com.demo.resortslite.ResortsLiteApplicationTest" time="0.002"/>
  <testcase name="canInstantiateApplication" classname="com.demo.resortslite.ResortsLiteApplicationTest" time="0.002"/>
  <testcase name="contextLoads" classname="com.demo.resortslite.ResortsLiteApplicationTest" time="0.001"/>
  <testcase name="mainMethodIsPublicStatic" classname="com.demo.resortslite.ResortsLiteApplicationTest" time="0.001"/>
  <testcase name="applicationContextContainsBookingService" classname="com.demo.resortslite.ResortsLiteApplicationTest" time="0.001"/>
  <testcase name="applicationClassIsInCorrectPackage" classname="com.demo.resortslite.ResortsLiteApplicationTest" time="0.002"/>
  <testcase name="applicationContextContainsJdbcTemplate" classname="com.demo.resortslite.ResortsLiteApplicationTest" time="0.001"/>
  <testcase name="applicationContextIsActive" classname="com.demo.resortslite.ResortsLiteApplicationTest" time="0.001"/>
  <testcase name="applicationInstanceIsNotNull" classname="com.demo.resortslite.ResortsLiteApplicationTest" time="0.002"/>
  <testcase name="bookingControllerBeanIsNotNull" classname="com.demo.resortslite.ResortsLiteApplicationTest" time="0.002"/>
  <testcase name="mainMethodExists" classname="com.demo.resortslite.ResortsLiteApplicationTest" time="0.239">
    <failure message="Unexpected exception thrown: org.springframework.context.ApplicationContextException: Failed to start bean &apos;webServerStartStop&apos;" type="org.opentest4j.AssertionFailedError"><![CDATA[org.opentest4j.AssertionFailedError: Unexpected exception thrown: org.springframework.context.ApplicationContextException: Failed to start bean 'webServerStartStop'
	at org.junit.jupiter.api.AssertionFailureBuilder.build(AssertionFailureBuilder.java:152)
	at org.junit.jupiter.api.AssertDoesNotThrow.createAssertionFailedError(AssertDoesNotThrow.java:84)
	at org.junit.jupiter.api.AssertDoesNotThrow.assertDoesNotThrow(AssertDoesNotThrow.java:53)
	at org.junit.jupiter.api.AssertDoesNotThrow.assertDoesNotThrow(AssertDoesNotThrow.java:36)
	at org.junit.jupiter.api.Assertions.assertDoesNotThrow(Assertions.java:3136)
	at com.demo.resortslite.ResortsLiteApplicationTest.mainMethodExists(ResortsLiteApplicationTest.java:27)
	at java.base/java.lang.reflect.Method.invoke(Method.java:569)
	at java.base/java.util.ArrayList.forEach(ArrayList.java:1511)
	at java.base/java.util.ArrayList.forEach(ArrayList.java:1511)
Caused by: org.springframework.context.ApplicationContextException: Failed to start bean 'webServerStartStop'
	at org.springframework.context.support.DefaultLifecycleProcessor.doStart(DefaultLifecycleProcessor.java:287)
	at org.springframework.context.support.DefaultLifecycleProcessor$LifecycleGroup.start(DefaultLifecycleProcessor.java:467)
	at java.base/java.lang.Iterable.forEach(Iterable.java:75)
	at org.springframework.context.support.DefaultLifecycleProcessor.startBeans(DefaultLifecycleProcessor.java:256)
	at org.springframework.context.support.DefaultLifecycleProcessor.onRefresh(DefaultLifecycleProcessor.java:201)
	at org.springframework.context.support.AbstractApplicationContext.finishRefresh(AbstractApplicationContext.java:965)
	at org.springframework.context.support.AbstractApplicationContext.refresh(AbstractApplicationContext.java:619)
	at org.springframework.boot.web.servlet.context.ServletWebServerApplicationContext.refresh(ServletWebServerApplicationContext.java:146)
	at org.springframework.boot.SpringApplication.refresh(SpringApplication.java:753)
	at org.springframework.boot.SpringApplication.refreshContext(SpringApplication.java:455)
	at org.springframework.boot.SpringApplication.run(SpringApplication.java:323)
	at org.springframework.boot.SpringApplication.run(SpringApplication.java:1342)
	at org.springframework.boot.SpringApplication.run(SpringApplication.java:1331)
	at com.demo.resortslite.ResortsLiteApplication.main(ResortsLiteApplication.java:10)
	at com.demo.resortslite.ResortsLiteApplicationTest.lambda$mainMethodExists$0(ResortsLiteApplicationTest.java:28)
	at org.junit.jupiter.api.AssertDoesNotThrow.assertDoesNotThrow(AssertDoesNotThrow.java:49)
	... 6 more
Caused by: org.springframework.boot.web.server.PortInUseException: Port 8080 is already in use
	at org.springframework.boot.web.server.PortInUseException.lambda$throwIfPortBindingException$0(PortInUseException.java:70)
	at org.springframework.boot.web.server.PortInUseException.lambda$ifPortBindingException$1(PortInUseException.java:85)
	at org.springframework.boot.web.server.PortInUseException.ifCausedBy(PortInUseException.java:103)
	at org.springframework.boot.web.server.PortInUseException.ifPortBindingException(PortInUseException.java:82)
	at org.springframework.boot.web.server.PortInUseException.throwIfPortBindingException(PortInUseException.java:69)
	at org.springframework.boot.web.embedded.tomcat.TomcatWebServer.start(TomcatWebServer.java:228)
	at org.springframework.boot.web.servlet.context.WebServerStartStopLifecycle.start(WebServerStartStopLifecycle.java:44)
	at org.springframework.context.support.DefaultLifecycleProcessor.doStart(DefaultLifecycleProcessor.java:284)
	... 21 more
Caused by: java.lang.IllegalArgumentException: standardService.connector.startFailed
	at org.apache.catalina.core.StandardService.addConnector(StandardService.java:235)
	at org.springframework.boot.web.embedded.tomcat.TomcatWebServer.addPreviouslyRemovedConnectors(TomcatWebServer.java:286)
	at org.springframework.boot.web.embedded.tomcat.TomcatWebServer.start(TomcatWebServer.java:214)
	... 23 more
Caused by: org.apache.catalina.LifecycleException: Protocol handler start failed
	at org.apache.catalina.connector.Connector.startInternal(Connector.java:1046)
	at org.apache.catalina.util.LifecycleBase.start(LifecycleBase.java:171)
	at org.apache.catalina.core.StandardService.addConnector(StandardService.java:232)
	... 25 more
Caused by: java.net.BindException: Address already in use
	at java.base/sun.nio.ch.Net.bind0(Native Method)
	at java.base/sun.nio.ch.Net.bind(Net.java:555)
	at java.base/sun.nio.ch.ServerSocketChannelImpl.netBind(ServerSocketChannelImpl.java:337)
	at java.base/sun.nio.ch.ServerSocketChannelImpl.bind(ServerSocketChannelImpl.java:294)
	at org.apache.tomcat.util.net.NioEndpoint.initServerSocket(NioEndpoint.java:247)
	at org.apache.tomcat.util.net.NioEndpoint.bind(NioEndpoint.java:202)
	at org.apache.tomcat.util.net.AbstractEndpoint.bindWithCleanup(AbstractEndpoint.java:1280)
	at org.apache.tomcat.util.net.AbstractEndpoint.start(AbstractEndpoint.java:1366)
	at org.apache.coyote.AbstractProtocol.start(AbstractProtocol.java:635)
	at org.apache.catalina.connector.Connector.startInternal(Connector.java:1043)
	... 27 more
]]></failure>
    <system-out><![CDATA[
  .   ____          _            __ _ _
 /\\ / ___'_ __ _ _(_)_ __  __ _ \ \ \ \
( ( )\___ | '_ | '_| | '_ \/ _` | \ \ \ \
 \\/  ___)| |_)| | | | | || (_| |  ) ) ) )
  '  |____| .__|_| |_|_| |_\__, | / / / /
 =========|_|==============|___/=/_/_/_/
 :: Spring Boot ::                (v3.2.0)

2026-06-02T14:18:08.414Z  INFO 12847 --- [ResortsLite] [           main] c.d.resortslite.ResortsLiteApplication   : Starting ResortsLiteApplication using Java 17.0.13 with PID 12847 (started by studioai in /modernize-data/studio-data/TNT1001/APP663649/transformed-code/83/studio-workspace/BackendServices)
2026-06-02T14:18:08.414Z  INFO 12847 --- [ResortsLite] [           main] c.d.resortslite.ResortsLiteApplication   : The following 1 profile is active: "dev"
2026-06-02T14:18:08.520Z  INFO 12847 --- [ResortsLite] [           main] o.s.b.w.embedded.tomcat.TomcatWebServer  : Tomcat initialized with port 8080 (http)
2026-06-02T14:18:08.521Z  INFO 12847 --- [ResortsLite] [           main] o.apache.catalina.core.StandardService   : Starting service [Tomcat]
2026-06-02T14:18:08.521Z  INFO 12847 --- [ResortsLite] [           main] o.apache.catalina.core.StandardEngine    : Starting Servlet engine: [Apache Tomcat/10.1.16]
2026-06-02T14:18:08.530Z  INFO 12847 --- [ResortsLite] [           main] o.a.c.c.C.[Tomcat-1].[localhost].[/]     : Initializing Spring embedded WebApplicationContext
2026-06-02T14:18:08.530Z  INFO 12847 --- [ResortsLite] [           main] w.s.c.ServletWebServerApplicationContext : Root WebApplicationContext: initialization completed in 114 ms
2026-06-02T14:18:08.538Z  INFO 12847 --- [ResortsLite] [           main] com.zaxxer.hikari.HikariDataSource       : HikariPool-3 - Starting...
2026-06-02T14:18:08.540Z  INFO 12847 --- [ResortsLite] [           main] com.zaxxer.hikari.pool.HikariPool        : HikariPool-3 - Added connection conn20: url=jdbc:h2:mem:resortdb user=SA
2026-06-02T14:18:08.540Z  INFO 12847 --- [ResortsLite] [           main] com.zaxxer.hikari.HikariDataSource       : HikariPool-3 - Start completed.
2026-06-02T14:18:08.540Z  INFO 12847 --- [ResortsLite] [           main] o.s.b.a.h2.H2ConsoleAutoConfiguration    : H2 console available at '/h2-console'. Database available at 'jdbc:h2:mem:resortdb'
2026-06-02T14:18:08.607Z  WARN 12847 --- [ResortsLite] [           main] ConfigServletWebServerApplicationContext : Exception encountered during context initialization - cancelling refresh attempt: org.springframework.context.ApplicationContextException: Failed to start bean 'webServerStartStop'
2026-06-02T14:18:08.608Z  INFO 12847 --- [ResortsLite] [           main] com.zaxxer.hikari.HikariDataSource       : HikariPool-3 - Shutdown initiated...
2026-06-02T14:18:08.610Z  INFO 12847 --- [ResortsLite] [           main] com.zaxxer.hikari.HikariDataSource       : HikariPool-3 - Shutdown completed.
2026-06-02T14:18:08.617Z  INFO 12847 --- [ResortsLite] [           main] .s.b.a.l.ConditionEvaluationReportLogger : 

Error starting ApplicationContext. To display the condition evaluation report re-run your application with 'debug' enabled.
2026-06-02T14:18:08.633Z ERROR 12847 --- [ResortsLite] [           main] o.s.b.d.LoggingFailureAnalysisReporter   : 

***************************
APPLICATION FAILED TO START
***************************

Description:

Web server failed to start. Port 8080 was already in use.

Action:

Identify and stop the process that's listening on port 8080 or configure this application to listen on another port.

]]></system-out>
  </testcase>
</testsuite>